train at step 100: 0.04437499865889549
train at step 200: 0.04906250163912773
train at step 300: 0.05375000089406967
train at step 400: 0.09187500178813934
train at step 500: 0.109375
train at step 600: 0.14281250536441803
train at step 700: 0.17093749344348907
train at step 800: 0.2027534395456314
train at step 900: 0.22843749821186066
train at step 1000: 0.2565625011920929
train at step 1100: 0.27687498927116394
train at step 1200: 0.2943750023841858
train at step 1300: 0.3018749952316284
train at step 1400: 0.33687499165534973
train at step 1500: 0.3319774866104126
train at step 1600: 0.36000001430511475
train at step 1700: 0.37843748927116394
train at step 1800: 0.4050000011920929
train at step 1900: 0.4090625047683716
train at step 2000: 0.4259375035762787
train at step 2100: 0.4503124952316284
train at step 2200: 0.4486858546733856
train at step 2300: 0.44468748569488525
train at step 2400: 0.46531251072883606
train at step 2500: 0.4884375035762787
train at step 2600: 0.49937498569488525
train at step 2700: 0.534375011920929
train at step 2800: 0.5340625047683716
train at step 2900: 0.5478723645210266
train at step 3000: 0.5440624952316284
train at step 3100: 0.557812511920929
train at step 3200: 0.5668749809265137
train at step 3300: 0.5815625190734863
train at step 3400: 0.5856249928474426
train at step 3500: 0.5909374952316284
train at step 3600: 0.620312511920929
train at step 3700: 0.6129536628723145
train at step 3800: 0.6231250166893005
train at step 3900: 0.6328125
train at step 4000: 0.6371874809265137
train at step 4100: 0.6493750214576721
train at step 4200: 0.6571875214576721
train at step 4300: 0.6471874713897705
train at step 4400: 0.6686483025550842
train at step 4500: 0.6606249809265137
train at step 4600: 0.6709374785423279
train at step 4700: 0.690625011920929
train at step 4800: 0.6865624785423279
train at step 4900: 0.6953125
train at step 5000: 0.703125
dev at step 5000: 0.6189865469932556
New best on dev at step 5000: 0.6189865469932556
test at step 5000: 0.7434748411178589
train at step 5100: 0.7015019059181213
train at step 5200: 0.7206249833106995
train at step 5300: 0.7087500095367432
train at step 5400: 0.7171875238418579
train at step 5500: 0.7121875286102295
train at step 5600: 0.7190625071525574
train at step 5700: 0.7443749904632568
train at step 5800: 0.7321652173995972
train at step 5900: 0.7337499856948853
train at step 6000: 0.7465624809265137
train at step 6100: 0.7409374713897705
train at step 6200: 0.754687488079071
train at step 6300: 0.7512500286102295
train at step 6400: 0.7599999904632568
train at step 6500: 0.7596874833106995
train at step 6600: 0.762828528881073
train at step 6700: 0.768750011920929
train at step 6800: 0.7762500047683716
train at step 6900: 0.7737500071525574
train at step 7000: 0.7756249904632568
train at step 7100: 0.7837499976158142
train at step 7200: 0.7850000262260437
train at step 7300: 0.7891113758087158
train at step 7400: 0.7965624928474426
train at step 7500: 0.7909374833106995
train at step 7600: 0.7953125238418579
train at step 7700: 0.7993749976158142
train at step 7800: 0.8050000071525574
train at step 7900: 0.792187511920929
train at step 8000: 0.7981852293014526
train at step 8100: 0.8153125047683716
train at step 8200: 0.817187488079071
train at step 8300: 0.8174999952316284
train at step 8400: 0.8153125047683716
train at step 8500: 0.8134375214576721
train at step 8600: 0.8268749713897705
train at step 8700: 0.8135169148445129
train at step 8800: 0.8306249976158142
train at step 8900: 0.8187500238418579
train at step 9000: 0.8231250047683716
train at step 9100: 0.832812488079071
train at step 9200: 0.8356249928474426
train at step 9300: 0.831250011920929
train at step 9400: 0.8294743299484253
train at step 9500: 0.8475000262260437
train at step 9600: 0.8356249928474426
train at step 9700: 0.8343750238418579
train at step 9800: 0.8490625023841858
train at step 9900: 0.8415625095367432
train at step 10000: 0.8490625023841858
dev at step 10000: 0.7610647678375244
New best on dev at step 10000: 0.7610647678375244
test at step 10000: 0.8984972238540649
train at step 10100: 0.8475000262260437
train at step 10200: 0.8444930911064148
train at step 10300: 0.8521875143051147
train at step 10400: 0.8568750023841858
train at step 10500: 0.8459374904632568
train at step 10600: 0.8459374904632568
train at step 10700: 0.8537499904632568
train at step 10800: 0.8587499856948853
train at step 10900: 0.8588861227035522
train at step 11000: 0.8493750095367432
train at step 11100: 0.8671875
train at step 11200: 0.8675000071525574
train at step 11300: 0.8628125190734863
train at step 11400: 0.8631250262260437
train at step 11500: 0.8609374761581421
train at step 11600: 0.8685857057571411
train at step 11700: 0.875
train at step 11800: 0.8646875023841858
train at step 11900: 0.8671875
train at step 12000: 0.8725000023841858
train at step 12100: 0.8812500238418579
train at step 12200: 0.871874988079071
train at step 12300: 0.8760951161384583
train at step 12400: 0.8774999976158142
train at step 12500: 0.8812500238418579
train at step 12600: 0.8790624737739563
train at step 12700: 0.8784375190734863
train at step 12800: 0.8799999952316284
train at step 12900: 0.8831250071525574
train at step 13000: 0.8799999952316284
train at step 13100: 0.8826658129692078
train at step 13200: 0.8928124904632568
train at step 13300: 0.879687488079071
train at step 13400: 0.8831250071525574
train at step 13500: 0.8778125047683716
train at step 13600: 0.8899999856948853
train at step 13700: 0.8971874713897705
train at step 13800: 0.8908010125160217
train at step 13900: 0.8931249976158142
train at step 14000: 0.8890625238418579
train at step 14100: 0.8912500143051147
train at step 14200: 0.8962500095367432
train at step 14300: 0.8965625166893005
train at step 14400: 0.8959375023841858
train at step 14500: 0.8967459201812744
train at step 14600: 0.9049999713897705
train at step 14700: 0.893750011920929
train at step 14800: 0.8965625166893005
train at step 14900: 0.909375011920929
train at step 15000: 0.895312488079071
dev at step 15000: 0.8146247863769531
New best on dev at step 15000: 0.8146247863769531
test at step 15000: 0.941734790802002
train at step 15100: 0.8940625190734863
train at step 15200: 0.9080100059509277
train at step 15300: 0.9071875214576721
train at step 15400: 0.903124988079071
train at step 15500: 0.9087499976158142
train at step 15600: 0.8965625166893005
train at step 15700: 0.901562511920929
train at step 15800: 0.9090625047683716
train at step 15900: 0.9118750095367432
train at step 16000: 0.9067584276199341
train at step 16100: 0.9165624976158142
train at step 16200: 0.9121875166893005
train at step 16300: 0.9312499761581421
train at step 16400: 0.9125000238418579
train at step 16500: 0.9115625023841858
train at step 16600: 0.9100000262260437
train at step 16700: 0.9202127456665039
train at step 16800: 0.9209374785423279
train at step 16900: 0.9137499928474426
train at step 17000: 0.903124988079071
train at step 17100: 0.9225000143051147
train at step 17200: 0.9143750071525574
train at step 17300: 0.9165624976158142
train at step 17400: 0.919274091720581
train at step 17500: 0.9206249713897705
train at step 17600: 0.9243749976158142
train at step 17700: 0.9150000214576721
train at step 17800: 0.9121875166893005
train at step 17900: 0.9181249737739563
train at step 18000: 0.9275000095367432
train at step 18100: 0.9158322811126709
train at step 18200: 0.932812511920929
train at step 18300: 0.9309375286102295
train at step 18400: 0.926562488079071
train at step 18500: 0.9184374809265137
train at step 18600: 0.9231250286102295
train at step 18700: 0.9237499833106995
train at step 18800: 0.9202127456665039
train at step 18900: 0.9268749952316284
train at step 19000: 0.9240624904632568
train at step 19100: 0.9268749952316284
train at step 19200: 0.9375
train at step 19300: 0.9300000071525574
train at step 19400: 0.9278125166893005
train at step 19500: 0.925000011920929
train at step 19600: 0.9292865991592407
train at step 19700: 0.9312499761581421
train at step 19800: 0.9306250214576721
train at step 19900: 0.9387500286102295
train at step 20000: 0.9284374713897705
dev at step 20000: 0.8402822613716125
New best on dev at step 20000: 0.8402822613716125
test at step 20000: 0.9435802698135376
train at step 20100: 0.9284374713897705
train at step 20200: 0.9281250238418579
train at step 20300: 0.9324155449867249
train at step 20400: 0.9334375262260437
train at step 20500: 0.9353125095367432
train at step 20600: 0.9268749952316284
train at step 20700: 0.9287499785423279
train at step 20800: 0.9309375286102295
train at step 20900: 0.9424999952316284
train at step 21000: 0.9292865991592407
train at step 21100: 0.9453125
train at step 21200: 0.9390624761581421
train at step 21300: 0.9403125047683716
train at step 21400: 0.9412500262260437
train at step 21500: 0.9356250166893005
train at step 21600: 0.934374988079071
train at step 21700: 0.9377346634864807
train at step 21800: 0.9465625286102295
train at step 21900: 0.9412500262260437
train at step 22000: 0.9359375238418579
train at step 22100: 0.9396874904632568
train at step 22200: 0.942187488079071
train at step 22300: 0.934374988079071
train at step 22400: 0.9431250095367432
train at step 22500: 0.9411764740943909
train at step 22600: 0.9418749809265137
train at step 22700: 0.9428125023841858
train at step 22800: 0.9375
train at step 22900: 0.9399999976158142
train at step 23000: 0.9418749809265137
train at step 23100: 0.9378125071525574
train at step 23200: 0.9433667063713074
train at step 23300: 0.953125
train at step 23400: 0.9465625286102295
train at step 23500: 0.9437500238418579
train at step 23600: 0.9443749785423279
train at step 23700: 0.9362499713897705
train at step 23800: 0.9440624713897705
train at step 23900: 0.948685884475708
train at step 24000: 0.9478124976158142
train at step 24100: 0.9393749833106995
train at step 24200: 0.9443749785423279
train at step 24300: 0.9471874833106995
train at step 24400: 0.9468749761581421
train at step 24500: 0.9381250143051147
train at step 24600: 0.9558823704719543
train at step 24700: 0.9453125
train at step 24800: 0.9474999904632568
train at step 24900: 0.9449999928474426
train at step 25000: 0.9503124952316284
dev at step 25000: 0.8643361330032349
New best on dev at step 25000: 0.8643361330032349
test at step 25000: 0.9678354859352112
train at step 25100: 0.9418749809265137
train at step 25200: 0.9465625286102295
train at step 25300: 0.9515625238418579
train at step 25400: 0.9483729600906372
train at step 25500: 0.9418749809265137
train at step 25600: 0.9481250047683716
train at step 25700: 0.9556249976158142
train at step 25800: 0.9496874809265137
train at step 25900: 0.948437511920929
train at step 26000: 0.9559375047683716
train at step 26100: 0.9511889815330505
train at step 26200: 0.9553124904632568
train at step 26300: 0.9474999904632568
train at step 26400: 0.9615625143051147
train at step 26500: 0.9546874761581421
train at step 26600: 0.9506250023841858
train at step 26700: 0.9481250047683716
train at step 26800: 0.9536921381950378
train at step 26900: 0.9587500095367432
train at step 27000: 0.9556249976158142
train at step 27100: 0.9459375143051147
train at step 27200: 0.9546874761581421
train at step 27300: 0.9553124904632568
train at step 27400: 0.9590625166893005
train at step 27500: 0.9524405598640442
train at step 27600: 0.9546874761581421
train at step 27700: 0.9571874737739563
train at step 27800: 0.9553124904632568
train at step 27900: 0.9546874761581421
train at step 28000: 0.9559375047683716
train at step 28100: 0.9571874737739563
train at step 28200: 0.9593241810798645
train at step 28300: 0.9568750262260437
train at step 28400: 0.9621875286102295
train at step 28500: 0.9596874713897705
train at step 28600: 0.9618750214576721
train at step 28700: 0.9528124928474426
train at step 28800: 0.9543750286102295
train at step 28900: 0.9556249976158142
train at step 29000: 0.961827278137207
train at step 29100: 0.9556249976158142
train at step 29200: 0.9596874713897705
train at step 29300: 0.9599999785423279
train at step 29400: 0.9590625166893005
train at step 29500: 0.9584375023841858
train at step 29600: 0.9599999785423279
train at step 29700: 0.9621402025222778
train at step 29800: 0.957812488079071
train at step 29900: 0.9543750286102295
train at step 30000: 0.9646875262260437
dev at step 30000: 0.8694676160812378
New best on dev at step 30000: 0.8694676160812378
test at step 30000: 0.9757447838783264
train at step 30100: 0.9624999761581421
train at step 30200: 0.9587500095367432
train at step 30300: 0.9568750262260437
train at step 30400: 0.9580726027488708
train at step 30500: 0.9606249928474426
train at step 30600: 0.9634374976158142
train at step 30700: 0.9581249952316284
train at step 30800: 0.9587500095367432
train at step 30900: 0.9587500095367432
train at step 31000: 0.9662500023841858
train at step 31100: 0.9612014889717102
train at step 31200: 0.965624988079071
train at step 31300: 0.9634374976158142
train at step 31400: 0.9643750190734863
train at step 31500: 0.9649999737739563
train at step 31600: 0.9618750214576721
train at step 31700: 0.9559375047683716
train at step 31800: 0.9584375023841858
train at step 31900: 0.9627659320831299
train at step 32000: 0.9653124809265137
train at step 32100: 0.9665625095367432
train at step 32200: 0.9612500071525574
train at step 32300: 0.9665625095367432
train at step 32400: 0.9671875238418579
train at step 32500: 0.9631249904632568
train at step 32600: 0.9652690887451172
train at step 32700: 0.9646875262260437
train at step 32800: 0.9637500047683716
train at step 32900: 0.9628124833106995
train at step 33000: 0.9681249856948853
train at step 33100: 0.9624999761581421
train at step 33200: 0.964062511920929
train at step 33300: 0.9602628350257874
train at step 33400: 0.96875
train at step 33500: 0.9693750143051147
train at step 33600: 0.9653124809265137
train at step 33700: 0.9671875238418579
train at step 33800: 0.9643750190734863
train at step 33900: 0.965624988079071
train at step 34000: 0.9637046456336975
train at step 34100: 0.9693750143051147
train at step 34200: 0.9599999785423279
train at step 34300: 0.9581249952316284
train at step 34400: 0.9681249856948853
train at step 34500: 0.96875
train at step 34600: 0.965624988079071
train at step 34700: 0.9671875238418579
train at step 34800: 0.965894877910614
train at step 34900: 0.9712499976158142
train at step 35000: 0.9643750190734863
dev at step 35000: 0.8822963237762451
New best on dev at step 35000: 0.8822963237762451
test at step 35000: 0.9767993688583374
train at step 35100: 0.971875011920929
train at step 35200: 0.9649999737739563
train at step 35300: 0.9665625095367432
train at step 35400: 0.9649999737739563
train at step 35500: 0.9718397855758667
train at step 35600: 0.9696875214576721
train at step 35700: 0.9653124809265137
train at step 35800: 0.9693750143051147
train at step 35900: 0.9646875262260437
train at step 36000: 0.9668750166893005
train at step 36100: 0.9700000286102295
train at step 36200: 0.9668335318565369
train at step 36300: 0.9740625023841858
train at step 36400: 0.9665625095367432
train at step 36500: 0.9737499952316284
train at step 36600: 0.9681249856948853
train at step 36700: 0.9646875262260437
train at step 36800: 0.9681249856948853
train at step 36900: 0.9649562239646912
train at step 37000: 0.9725000262260437
train at step 37100: 0.9671875238418579
train at step 37200: 0.9696875214576721
train at step 37300: 0.9693750143051147
train at step 37400: 0.9768750071525574
train at step 37500: 0.9693750143051147
train at step 37600: 0.9693366885185242
train at step 37700: 0.9709374904632568
train at step 37800: 0.9690625071525574
train at step 37900: 0.96875
train at step 38000: 0.9659374952316284
train at step 38100: 0.9712499976158142
train at step 38200: 0.971875011920929
train at step 38300: 0.973437488079071
train at step 38400: 0.9749687314033508
train at step 38500: 0.9737499952316284
train at step 38600: 0.9756249785423279
train at step 38700: 0.9690625071525574
train at step 38800: 0.9728124737739563
train at step 38900: 0.9706249833106995
train at step 39000: 0.973437488079071
train at step 39100: 0.9737171530723572
train at step 39200: 0.973437488079071
train at step 39300: 0.9712499976158142
train at step 39400: 0.9740625023841858
train at step 39500: 0.9674999713897705
train at step 39600: 0.9765625
train at step 39700: 0.9715625047683716
train at step 39800: 0.9730913639068604
train at step 39900: 0.9712499976158142
train at step 40000: 0.96875
dev at step 40000: 0.8877485394477844
New best on dev at step 40000: 0.8877485394477844
test at step 40000: 0.9804903864860535
train at step 40100: 0.9762499928474426
train at step 40200: 0.9806249737739563
train at step 40300: 0.9709374904632568
train at step 40400: 0.9693750143051147
train at step 40500: 0.9755945205688477
train at step 40600: 0.9740625023841858
train at step 40700: 0.9746875166893005
train at step 40800: 0.9725000262260437
train at step 40900: 0.9765625
train at step 41000: 0.973437488079071
train at step 41100: 0.9778125286102295
train at step 41200: 0.9743750095367432
train at step 41300: 0.9740300178527832
train at step 41400: 0.9781249761581421
train at step 41500: 0.9762499928474426
train at step 41600: 0.9771875143051147
train at step 41700: 0.9725000262260437
train at step 41800: 0.9725000262260437
train at step 41900: 0.9703124761581421
train at step 42000: 0.979036271572113
train at step 42100: 0.9756249785423279
train at step 42200: 0.9768750071525574
train at step 42300: 0.9721875190734863
train at step 42400: 0.9775000214576721
train at step 42500: 0.9765625
train at step 42600: 0.9762499928474426
train at step 42700: 0.9762202501296997
train at step 42800: 0.9781249761581421
train at step 42900: 0.9768750071525574
train at step 43000: 0.9753124713897705
train at step 43100: 0.9778125286102295
train at step 43200: 0.9762499928474426
train at step 43300: 0.9759374856948853
train at step 43400: 0.9712139964103699
train at step 43500: 0.9787499904632568
train at step 43600: 0.9803125262260437
train at step 43700: 0.9818750023841858
train at step 43800: 0.9778125286102295
train at step 43900: 0.9756249785423279
train at step 44000: 0.9781249761581421
train at step 44100: 0.9725000262260437
train at step 44200: 0.9771589636802673
train at step 44300: 0.9743750095367432
train at step 44400: 0.9725000262260437
train at step 44500: 0.979687511920929
train at step 44600: 0.9753124713897705
train at step 44700: 0.9784374833106995
train at step 44800: 0.9762499928474426
train at step 44900: 0.9780976176261902
train at step 45000: 0.9765625
dev at step 45000: 0.8883900046348572
New best on dev at step 45000: 0.8883900046348572
test at step 45000: 0.981808602809906
train at step 45100: 0.9765625
train at step 45200: 0.981249988079071
train at step 45300: 0.9784374833106995
train at step 45400: 0.9771875143051147
train at step 45500: 0.9787499904632568
train at step 45600: 0.9818522930145264
train at step 45700: 0.9787499904632568
train at step 45800: 0.9778125286102295
train at step 45900: 0.9768750071525574
train at step 46000: 0.9768750071525574
train at step 46100: 0.9762499928474426
train at step 46200: 0.9806249737739563
train at step 46300: 0.9755945205688477
train at step 46400: 0.9790624976158142
train at step 46500: 0.984375
train at step 46600: 0.9756249785423279
train at step 46700: 0.9803125262260437
train at step 46800: 0.9771875143051147
train at step 46900: 0.9771875143051147
train at step 47000: 0.978723406791687
train at step 47100: 0.979687511920929
train at step 47200: 0.9781249761581421
train at step 47300: 0.9781249761581421
train at step 47400: 0.9784374833106995
train at step 47500: 0.981249988079071
train at step 47600: 0.9778125286102295
train at step 47700: 0.9790624976158142
train at step 47800: 0.9777847528457642
train at step 47900: 0.9778125286102295
train at step 48000: 0.9815624952316284
train at step 48100: 0.9756249785423279
train at step 48200: 0.9821875095367432
train at step 48300: 0.9790624976158142
train at step 48400: 0.9781249761581421
train at step 48500: 0.9818522930145264
train at step 48600: 0.9828125238418579
train at step 48700: 0.9781249761581421
train at step 48800: 0.9803125262260437
train at step 48900: 0.9821875095367432
train at step 49000: 0.9809374809265137
train at step 49100: 0.9806249737739563
train at step 49200: 0.9815394282341003
train at step 49300: 0.9756249785423279
train at step 49400: 0.979687511920929
train at step 49500: 0.9790624976158142
train at step 49600: 0.9790624976158142
train at step 49700: 0.9800000190734863
train at step 49800: 0.9778125286102295
train at step 49900: 0.9806007742881775
train at step 50000: 0.9784374833106995
dev at step 50000: 0.8877485394477844
test at step 50000: 0.981808602809906
train at step 50100: 0.9846875071525574
train at step 50200: 0.981249988079071
train at step 50300: 0.9853125214576721
train at step 50400: 0.9815624952316284
train at step 50500: 0.9821875095367432
train at step 50600: 0.9834374785423279
train at step 50700: 0.982791006565094
train at step 50800: 0.9831249713897705
train at step 50900: 0.9806249737739563
train at step 51000: 0.9828125238418579
train at step 51100: 0.9793750047683716
train at step 51200: 0.9821875095367432
train at step 51300: 0.9837499856948853
train at step 51400: 0.9777847528457642
train at step 51500: 0.9803125262260437
train at step 51600: 0.9806249737739563
train at step 51700: 0.9850000143051147
train at step 51800: 0.9800000190734863
train at step 51900: 0.9790624976158142
train at step 52000: 0.9803125262260437
train at step 52100: 0.9834167957305908
train at step 52200: 0.9834374785423279
train at step 52300: 0.981249988079071
train at step 52400: 0.9815624952316284
train at step 52500: 0.9825000166893005
train at step 52600: 0.9846875071525574
train at step 52700: 0.9803125262260437
train at step 52800: 0.9793491959571838
train at step 52900: 0.9815624952316284
train at step 53000: 0.9846875071525574
train at step 53100: 0.9831249713897705
train at step 53200: 0.9821875095367432
train at step 53300: 0.9803125262260437
train at step 53400: 0.9834374785423279
train at step 53500: 0.9853125214576721
train at step 53600: 0.9824780821800232
train at step 53700: 0.984375
train at step 53800: 0.9862499833106995
train at step 53900: 0.984375
train at step 54000: 0.9840624928474426
train at step 54100: 0.979687511920929
train at step 54200: 0.9821875095367432
train at step 54300: 0.982791006565094
train at step 54400: 0.9834374785423279
train at step 54500: 0.9803125262260437
train at step 54600: 0.9828125238418579
train at step 54700: 0.981249988079071
train at step 54800: 0.979687511920929
train at step 54900: 0.9831249713897705
train at step 55000: 0.9846683144569397
dev at step 55000: 0.891917884349823
New best on dev at step 55000: 0.891917884349823
test at step 55000: 0.9854996204376221
train at step 55100: 0.9837499856948853
train at step 55200: 0.979687511920929
train at step 55300: 0.9887499809265137
train at step 55400: 0.9893749952316284
train at step 55500: 0.981249988079071
train at step 55600: 0.981249988079071
train at step 55700: 0.9856070280075073
train at step 55800: 0.9853125214576721
train at step 55900: 0.9837499856948853
train at step 56000: 0.9856250286102295
train at step 56100: 0.9837499856948853
train at step 56200: 0.9850000143051147
train at step 56300: 0.987500011920929
train at step 56400: 0.9834167957305908
train at step 56500: 0.9868749976158142
train at step 56600: 0.9871875047683716
train at step 56700: 0.9884374737739563
train at step 56800: 0.9856250286102295
train at step 56900: 0.9850000143051147
train at step 57000: 0.9815624952316284
train at step 57100: 0.9821875095367432
train at step 57200: 0.9852941036224365
train at step 57300: 0.9837499856948853
train at step 57400: 0.9853125214576721
train at step 57500: 0.984375
train at step 57600: 0.9825000166893005
train at step 57700: 0.9887499809265137
train at step 57800: 0.981249988079071
train at step 57900: 0.9865456819534302
train at step 58000: 0.9806249737739563
train at step 58100: 0.9846875071525574
train at step 58200: 0.9821875095367432
train at step 58300: 0.9840624928474426
train at step 58400: 0.9850000143051147
train at step 58500: 0.9871875047683716
train at step 58600: 0.9852941036224365
train at step 58700: 0.9846875071525574
train at step 58800: 0.9846875071525574
train at step 58900: 0.9868749976158142
train at step 59000: 0.9871875047683716
train at step 59100: 0.9831249713897705
train at step 59200: 0.9834374785423279
train at step 59300: 0.9846683144569397
train at step 59400: 0.987500011920929
train at step 59500: 0.984375
train at step 59600: 0.9825000166893005
train at step 59700: 0.9909374713897705
train at step 59800: 0.9825000166893005
train at step 59900: 0.987500011920929
train at step 60000: 0.9831249713897705
dev at step 60000: 0.8989737033843994
New best on dev at step 60000: 0.8989737033843994
test at step 60000: 0.9860268831253052
train at step 60100: 0.9887359142303467
train at step 60200: 0.9862499833106995
train at step 60300: 0.9837499856948853
train at step 60400: 0.9881250262260437
train at step 60500: 0.9828125238418579
train at step 60600: 0.987500011920929
train at step 60700: 0.9865624904632568
train at step 60800: 0.9834167957305908
train at step 60900: 0.989062488079071
train at step 61000: 0.987500011920929
train at step 61100: 0.9900000095367432
train at step 61200: 0.9862499833106995
train at step 61300: 0.9837499856948853
train at step 61400: 0.9850000143051147
train at step 61500: 0.9893617033958435
train at step 61600: 0.9887499809265137
train at step 61700: 0.987500011920929
train at step 61800: 0.9862499833106995
train at step 61900: 0.9881250262260437
train at step 62000: 0.9896875023841858
train at step 62100: 0.9881250262260437
train at step 62200: 0.9877972602844238
train at step 62300: 0.9884374737739563
train at step 62400: 0.984375
train at step 62500: 0.9850000143051147
train at step 62600: 0.987500011920929
train at step 62700: 0.989062488079071
train at step 62800: 0.989062488079071
train at step 62900: 0.9871875047683716
train at step 63000: 0.9865456819534302
train at step 63100: 0.9909374713897705
train at step 63200: 0.9884374737739563
train at step 63300: 0.9881250262260437
train at step 63400: 0.9900000095367432
train at step 63500: 0.9881250262260437
train at step 63600: 0.9865624904632568
train at step 63700: 0.9865456819534302
train at step 63800: 0.9868749976158142
train at step 63900: 0.9871875047683716
train at step 64000: 0.9881250262260437
train at step 64100: 0.984375
train at step 64200: 0.9878125190734863
train at step 64300: 0.9878125190734863
train at step 64400: 0.9862328171730042
train at step 64500: 0.9878125190734863
train at step 64600: 0.9862499833106995
train at step 64700: 0.9896875023841858
train at step 64800: 0.9925000071525574
train at step 64900: 0.9862499833106995
train at step 65000: 0.9909374713897705
dev at step 65000: 0.8941629528999329
test at step 65000: 0.9847086668014526
train at step 65100: 0.9896745681762695
train at step 65200: 0.9878125190734863
train at step 65300: 0.9884374737739563
train at step 65400: 0.9868749976158142
train at step 65500: 0.9884374737739563
train at step 65600: 0.9871875047683716
train at step 65700: 0.9900000095367432
train at step 65800: 0.9868585467338562
train at step 65900: 0.9881250262260437
train at step 66000: 0.989062488079071
train at step 66100: 0.9893749952316284
train at step 66200: 0.9871875047683716
train at step 66300: 0.9900000095367432
train at step 66400: 0.9865624904632568
train at step 66500: 0.9865624904632568
train at step 66600: 0.9899874925613403
train at step 66700: 0.9868749976158142
train at step 66800: 0.9900000095367432
train at step 66900: 0.9906250238418579
train at step 67000: 0.989062488079071
train at step 67100: 0.9900000095367432
train at step 67200: 0.9893749952316284
train at step 67300: 0.9903003573417664
train at step 67400: 0.9868749976158142
train at step 67500: 0.9878125190734863
train at step 67600: 0.9871875047683716
train at step 67700: 0.9868749976158142
train at step 67800: 0.9881250262260437
train at step 67900: 0.9909374713897705
train at step 68000: 0.9899874925613403
train at step 68100: 0.9921875
train at step 68200: 0.9912499785423279
train at step 68300: 0.9896875023841858
train at step 68400: 0.9900000095367432
train at step 68500: 0.9928125143051147
train at step 68600: 0.9893749952316284
train at step 68700: 0.9896745681762695
train at step 68800: 0.9903125166893005
train at step 68900: 0.9893749952316284
train at step 69000: 0.9856250286102295
train at step 69100: 0.9893749952316284
train at step 69200: 0.989062488079071
train at step 69300: 0.9900000095367432
train at step 69400: 0.9903125166893005
train at step 69500: 0.9877972602844238
train at step 69600: 0.9900000095367432
train at step 69700: 0.9900000095367432
train at step 69800: 0.9900000095367432
train at step 69900: 0.9906250238418579
train at step 70000: 0.987500011920929
dev at step 70000: 0.891917884349823
test at step 70000: 0.983917772769928
train at step 70100: 0.9915624856948853
train at step 70200: 0.9921777248382568
train at step 70300: 0.9912499785423279
train at step 70400: 0.9900000095367432
train at step 70500: 0.9900000095367432
train at step 70600: 0.9900000095367432
train at step 70700: 0.9918749928474426
train at step 70800: 0.9903125166893005
train at step 70900: 0.987171471118927
train at step 71000: 0.9937499761581421
train at step 71100: 0.9915624856948853
train at step 71200: 0.9915624856948853
train at step 71300: 0.987500011920929
train at step 71400: 0.9893749952316284
train at step 71500: 0.9884374737739563
train at step 71600: 0.9918648600578308
train at step 71700: 0.9909374713897705
train at step 71800: 0.9893749952316284
train at step 71900: 0.9896875023841858
train at step 72000: 0.9906250238418579
train at step 72100: 0.9906250238418579
train at step 72200: 0.9921875
train at step 72300: 0.987171471118927
train at step 72400: 0.9906250238418579
train at step 72500: 0.9918749928474426
train at step 72600: 0.9884374737739563
train at step 72700: 0.9896875023841858
train at step 72800: 0.9893749952316284
train at step 72900: 0.9912499785423279
train at step 73000: 0.9918749928474426
train at step 73100: 0.9890488386154175
train at step 73200: 0.9912499785423279
train at step 73300: 0.9909374713897705
train at step 73400: 0.9918749928474426
train at step 73500: 0.9921875
train at step 73600: 0.9921875
train at step 73700: 0.9912499785423279
train at step 73800: 0.9903003573417664
train at step 73900: 0.9903125166893005
train at step 74000: 0.9915624856948853
train at step 74100: 0.9900000095367432
train at step 74200: 0.9921875
train at step 74300: 0.9912499785423279
train at step 74400: 0.9884374737739563
train at step 74500: 0.9934293031692505
train at step 74600: 0.9906250238418579
train at step 74700: 0.9903125166893005
train at step 74800: 0.9900000095367432
train at step 74900: 0.9940624833106995
train at step 75000: 0.9912499785423279
dev at step 75000: 0.9015394449234009
New best on dev at step 75000: 0.9015394449234009
test at step 75000: 0.9870814681053162
train at step 75100: 0.9878125190734863
train at step 75200: 0.9937421679496765
train at step 75300: 0.9925000071525574
train at step 75400: 0.9896875023841858
train at step 75500: 0.989062488079071
train at step 75600: 0.9921875
train at step 75700: 0.9893749952316284
train at step 75800: 0.9931250214576721
train at step 75900: 0.989062488079071
train at step 76000: 0.99155193567276
train at step 76100: 0.9925000071525574
train at step 76200: 0.9937499761581421
train at step 76300: 0.9900000095367432
train at step 76400: 0.9896875023841858
train at step 76500: 0.9906250238418579
train at step 76600: 0.9921875
train at step 76700: 0.9921777248382568
train at step 76800: 0.9940624833106995
train at step 76900: 0.9921875
train at step 77000: 0.9928125143051147
train at step 77100: 0.9925000071525574
train at step 77200: 0.9931250214576721
train at step 77300: 0.9900000095367432
train at step 77400: 0.9909261465072632
train at step 77500: 0.9940624833106995
train at step 77600: 0.9915624856948853
train at step 77700: 0.9900000095367432
train at step 77800: 0.9915624856948853
train at step 77900: 0.9906250238418579
train at step 78000: 0.9918749928474426
train at step 78100: 0.995619535446167
train at step 78200: 0.9900000095367432
train at step 78300: 0.9906250238418579
train at step 78400: 0.9915624856948853
train at step 78500: 0.9959375262260437
train at step 78600: 0.9934375286102295
train at step 78700: 0.9915624856948853
train at step 78800: 0.9928125143051147
train at step 78900: 0.9921777248382568
train at step 79000: 0.9909374713897705
train at step 79100: 0.9893749952316284
train at step 79200: 0.9921875
train at step 79300: 0.9909374713897705
train at step 79400: 0.9915624856948853
train at step 79500: 0.9934375286102295
train at step 79600: 0.9921777248382568
train at step 79700: 0.9912499785423279
train at step 79800: 0.9912499785423279
train at step 79900: 0.9915624856948853
train at step 80000: 0.9950000047683716
dev at step 80000: 0.8944836258888245
test at step 80000: 0.9868178367614746
train at step 80100: 0.9928125143051147
train at step 80200: 0.9912499785423279
train at step 80300: 0.9940550923347473
train at step 80400: 0.995312511920929
train at step 80500: 0.9915624856948853
train at step 80600: 0.9900000095367432
train at step 80700: 0.9918749928474426
train at step 80800: 0.9909374713897705
train at step 80900: 0.9925000071525574
train at step 81000: 0.9906132817268372
train at step 81100: 0.9937499761581421
train at step 81200: 0.9943749904632568
train at step 81300: 0.9915624856948853
train at step 81400: 0.9921875
train at step 81500: 0.9940624833106995
train at step 81600: 0.9903125166893005
train at step 81700: 0.9909261465072632
train at step 81800: 0.9925000071525574
train at step 81900: 0.9921875
train at step 82000: 0.9921875
train at step 82100: 0.9934375286102295
train at step 82200: 0.9900000095367432
train at step 82300: 0.9931250214576721
train at step 82400: 0.9943749904632568
train at step 82500: 0.9924905896186829
train at step 82600: 0.9940624833106995
train at step 82700: 0.9918749928474426
train at step 82800: 0.9931250214576721
train at step 82900: 0.9931250214576721
train at step 83000: 0.9928125143051147
train at step 83100: 0.9937499761581421
train at step 83200: 0.991239070892334
train at step 83300: 0.9931250214576721
train at step 83400: 0.9925000071525574
train at step 83500: 0.9928125143051147
train at step 83600: 0.9918749928474426
train at step 83700: 0.9884374737739563
train at step 83800: 0.9931250214576721
train at step 83900: 0.9937421679496765
train at step 84000: 0.9906250238418579
train at step 84100: 0.9918749928474426
train at step 84200: 0.9925000071525574
train at step 84300: 0.9946874976158142
train at step 84400: 0.9928125143051147
train at step 84500: 0.9940624833106995
train at step 84600: 0.9934293031692505
train at step 84700: 0.9943749904632568
train at step 84800: 0.9915624856948853
train at step 84900: 0.9921875
train at step 85000: 0.996874988079071
dev at step 85000: 0.898652970790863
test at step 85000: 0.9894542694091797
train at step 85100: 0.9937499761581421
train at step 85200: 0.9918749928474426
train at step 85300: 0.9928125143051147
train at step 85400: 0.9937421679496765
train at step 85500: 0.9912499785423279
train at step 85600: 0.9918749928474426
train at step 85700: 0.9906250238418579
train at step 85800: 0.9900000095367432
train at step 85900: 0.9918749928474426
train at step 86000: 0.9950000047683716
train at step 86100: 0.9906132817268372
train at step 86200: 0.9925000071525574
train at step 86300: 0.9931250214576721
train at step 86400: 0.9928125143051147
train at step 86500: 0.9937499761581421
train at step 86600: 0.9931250214576721
train at step 86700: 0.9937499761581421
train at step 86800: 0.9924905896186829
train at step 86900: 0.9956250190734863
train at step 87000: 0.995312511920929
train at step 87100: 0.9912499785423279
train at step 87200: 0.9925000071525574
train at step 87300: 0.9937499761581421
train at step 87400: 0.9946874976158142
train at step 87500: 0.9934293031692505
train at step 87600: 0.9950000047683716
train at step 87700: 0.9940624833106995
train at step 87800: 0.9934375286102295
train at step 87900: 0.9959375262260437
train at step 88000: 0.9925000071525574
train at step 88100: 0.9934375286102295
train at step 88200: 0.9925000071525574
train at step 88300: 0.9931163787841797
train at step 88400: 0.995312511920929
train at step 88500: 0.9943749904632568
train at step 88600: 0.9950000047683716
train at step 88700: 0.9918749928474426
train at step 88800: 0.9918749928474426
train at step 88900: 0.9946874976158142
train at step 89000: 0.9953066110610962
train at step 89100: 0.9931250214576721
train at step 89200: 0.9937499761581421
train at step 89300: 0.9915624856948853
train at step 89400: 0.9940624833106995
train at step 89500: 0.9928125143051147
train at step 89600: 0.9940624833106995
train at step 89700: 0.9940550923347473
train at step 89800: 0.9934375286102295
train at step 89900: 0.9915624856948853
train at step 90000: 0.9962499737739563
dev at step 90000: 0.9002565741539001
test at step 90000: 0.9857632517814636
train at step 90100: 0.9950000047683716
train at step 90200: 0.9940624833106995
train at step 90300: 0.9909374713897705
train at step 90400: 0.995932400226593
train at step 90500: 0.9962499737739563
train at step 90600: 0.9962499737739563
train at step 90700: 0.995312511920929
train at step 90800: 0.9965624809265137
train at step 90900: 0.9937499761581421
train at step 91000: 0.995312511920929
train at step 91100: 0.9949937462806702
train at step 91200: 0.9937499761581421
train at step 91300: 0.9971874952316284
train at step 91400: 0.9956250190734863
train at step 91500: 0.9959375262260437
train at step 91600: 0.9937499761581421
train at step 91700: 0.9928125143051147
train at step 91800: 0.9921875
train at step 91900: 0.9943679571151733
train at step 92000: 0.9962499737739563
train at step 92100: 0.9940624833106995
train at step 92200: 0.9934375286102295
train at step 92300: 0.995312511920929
train at step 92400: 0.9950000047683716
train at step 92500: 0.9931250214576721
train at step 92600: 0.9940550923347473
train at step 92700: 0.9946874976158142
train at step 92800: 0.9946874976158142
train at step 92900: 0.9928125143051147
train at step 93000: 0.9940624833106995
train at step 93100: 0.9918749928474426
train at step 93200: 0.9946874976158142
train at step 93300: 0.9940550923347473
train at step 93400: 0.995312511920929
train at step 93500: 0.9959375262260437
train at step 93600: 0.9943749904632568
train at step 93700: 0.9965624809265137
train at step 93800: 0.9937499761581421
train at step 93900: 0.9950000047683716
train at step 94000: 0.9937421679496765
train at step 94100: 0.9959375262260437
train at step 94200: 0.9937499761581421
train at step 94300: 0.9943749904632568
train at step 94400: 0.9950000047683716
train at step 94500: 0.9959375262260437
train at step 94600: 0.995312511920929
train at step 94700: 0.9965624809265137
train at step 94800: 0.9949937462806702
train at step 94900: 0.9956250190734863
train at step 95000: 0.9946874976158142
dev at step 95000: 0.9008980393409729
test at step 95000: 0.9857632517814636
train at step 95100: 0.9937499761581421
train at step 95200: 0.9950000047683716
train at step 95300: 0.9934375286102295
train at step 95400: 0.9956250190734863
train at step 95500: 0.9971839785575867
train at step 95600: 0.9940624833106995
train at step 95700: 0.9956250190734863
train at step 95800: 0.9937499761581421
train at step 95900: 0.9931250214576721
train at step 96000: 0.9940624833106995
train at step 96100: 0.9950000047683716
train at step 96200: 0.9940550923347473
train at step 96300: 0.9971874952316284
train at step 96400: 0.995312511920929
train at step 96500: 0.9956250190734863
train at step 96600: 0.9946874976158142
train at step 96700: 0.9971874952316284
train at step 96800: 0.9931250214576721
train at step 96900: 0.9953066110610962
train at step 97000: 0.995312511920929
train at step 97100: 0.9943749904632568
train at step 97200: 0.9950000047683716
train at step 97300: 0.9934375286102295
train at step 97400: 0.9959375262260437
train at step 97500: 0.9956250190734863
train at step 97600: 0.9937499761581421
train at step 97700: 0.9962453246116638
train at step 97800: 0.9950000047683716
train at step 97900: 0.9940624833106995
train at step 98000: 0.9971874952316284
train at step 98100: 0.9931250214576721
train at step 98200: 0.9950000047683716
train at step 98300: 0.9928125143051147
train at step 98400: 0.9974968433380127
train at step 98500: 0.9962499737739563
train at step 98600: 0.9965624809265137
train at step 98700: 0.9956250190734863
train at step 98800: 0.9950000047683716
train at step 98900: 0.9931250214576721
train at step 99000: 0.9962499737739563
train at step 99100: 0.9940550923347473
train at step 99200: 0.9956250190734863
train at step 99300: 0.9950000047683716
train at step 99400: 0.9940624833106995
train at step 99500: 0.995312511920929
train at step 99600: 0.9962499737739563
train at step 99700: 0.9956250190734863
train at step 99800: 0.9974968433380127
train at step 99900: 0.9959375262260437
train at step 100000: 0.9946874976158142
dev at step 100000: 0.9050673246383667
New best on dev at step 100000: 0.9050673246383667
test at step 100000: 0.9881360530853271
train at step 100100: 0.9940624833106995
train at step 100200: 0.9946874976158142
train at step 100300: 0.996874988079071
train at step 100400: 0.9971874952316284
train at step 100500: 0.9943679571151733
train at step 100600: 0.9971874952316284
train at step 100700: 0.996874988079071
train at step 100800: 0.9956250190734863
train at step 100900: 0.9943749904632568
train at step 101000: 0.995312511920929
train at step 101100: 0.9965624809265137
train at step 101200: 0.9950000047683716
train at step 101300: 0.995932400226593
train at step 101400: 0.9946874976158142
train at step 101500: 0.9959375262260437
train at step 101600: 0.995312511920929
train at step 101700: 0.9965624809265137
train at step 101800: 0.9962499737739563
train at step 101900: 0.9937499761581421
train at step 102000: 0.9974968433380127
train at step 102100: 0.9943749904632568
train at step 102200: 0.9959375262260437
train at step 102300: 0.9956250190734863
train at step 102400: 0.9956250190734863
train at step 102500: 0.996874988079071
train at step 102600: 0.9975000023841858
train at step 102700: 0.9971839785575867
train at step 102800: 0.9950000047683716
train at step 102900: 0.9943749904632568
train at step 103000: 0.9943749904632568
train at step 103100: 0.9950000047683716
train at step 103200: 0.9959375262260437
train at step 103300: 0.996874988079071
train at step 103400: 0.9953066110610962
train at step 103500: 0.9956250190734863
train at step 103600: 0.9975000023841858
train at step 103700: 0.995312511920929
train at step 103800: 0.9971874952316284
train at step 103900: 0.995312511920929
train at step 104000: 0.9940624833106995
train at step 104100: 0.995312511920929
train at step 104200: 0.995619535446167
train at step 104300: 0.9946874976158142
train at step 104400: 0.9950000047683716
train at step 104500: 0.9971874952316284
train at step 104600: 0.9943749904632568
train at step 104700: 0.9950000047683716
train at step 104800: 0.9956250190734863
train at step 104900: 0.9974968433380127
train at step 105000: 0.9946874976158142
dev at step 105000: 0.8989737033843994
test at step 105000: 0.9868178367614746
train at step 105100: 0.9950000047683716
train at step 105200: 0.9971874952316284
train at step 105300: 0.9978125095367432
train at step 105400: 0.9943749904632568
train at step 105500: 0.9959375262260437
train at step 105600: 0.9971839785575867
train at step 105700: 0.9984375238418579
train at step 105800: 0.9956250190734863
train at step 105900: 0.9937499761581421
train at step 106000: 0.9975000023841858
train at step 106100: 0.9965624809265137
train at step 106200: 0.9971874952316284
train at step 106300: 0.9940550923347473
train at step 106400: 0.9946874976158142
train at step 106500: 0.9987499713897705
train at step 106600: 0.9959375262260437
train at step 106700: 0.9931250214576721
train at step 106800: 0.9956250190734863
train at step 106900: 0.995312511920929
train at step 107000: 0.9962499737739563
train at step 107100: 0.9946808218955994
train at step 107200: 0.996874988079071
train at step 107300: 0.996874988079071
train at step 107400: 0.9965624809265137
train at step 107500: 0.9971874952316284
train at step 107600: 0.9978125095367432
train at step 107700: 0.9946874976158142
train at step 107800: 0.995619535446167
train at step 107900: 0.9965624809265137
train at step 108000: 0.995312511920929
train at step 108100: 0.996874988079071
train at step 108200: 0.9956250190734863
train at step 108300: 0.9956250190734863
train at step 108400: 0.995312511920929
train at step 108500: 0.9968711137771606
train at step 108600: 0.9962499737739563
train at step 108700: 0.9965624809265137
train at step 108800: 0.9975000023841858
train at step 108900: 0.9981250166893005
train at step 109000: 0.9965624809265137
train at step 109100: 0.9962499737739563
train at step 109200: 0.9962453246116638
train at step 109300: 0.9943749904632568
train at step 109400: 0.995312511920929
train at step 109500: 0.9959375262260437
train at step 109600: 0.9971874952316284
train at step 109700: 0.996874988079071
train at step 109800: 0.9959375262260437
train at step 109900: 0.9968711137771606
train at step 110000: 0.9943749904632568
dev at step 110000: 0.9012187123298645
test at step 110000: 0.9883996844291687
train at step 110100: 0.9965624809265137
train at step 110200: 0.9946874976158142
train at step 110300: 0.9987499713897705
train at step 110400: 0.9959375262260437
train at step 110500: 0.9950000047683716
train at step 110600: 0.996874988079071
train at step 110700: 0.9971839785575867
train at step 110800: 0.9959375262260437
train at step 110900: 0.9965624809265137
train at step 111000: 0.9956250190734863
train at step 111100: 0.9946874976158142
train at step 111200: 0.995312511920929
train at step 111300: 0.9978125095367432
train at step 111400: 0.9962453246116638
train at step 111500: 0.996874988079071
train at step 111600: 0.9984375238418579
train at step 111700: 0.9962499737739563
train at step 111800: 0.9959375262260437
train at step 111900: 0.9981250166893005
train at step 112000: 0.9975000023841858
train at step 112100: 0.9953066110610962
train at step 112200: 0.9984375238418579
train at step 112300: 0.9978125095367432
train at step 112400: 0.9940624833106995
train at step 112500: 0.9959375262260437
train at step 112600: 0.9965624809265137
train at step 112700: 0.9959375262260437
train at step 112800: 0.9953066110610962
train at step 112900: 0.9971874952316284
train at step 113000: 0.996874988079071
train at step 113100: 0.9950000047683716
train at step 113200: 0.996874988079071
train at step 113300: 0.9962499737739563
train at step 113400: 0.996874988079071
train at step 113500: 0.995312511920929
train at step 113600: 0.9943679571151733
train at step 113700: 0.9962499737739563
train at step 113800: 0.9962499737739563
train at step 113900: 0.9971874952316284
train at step 114000: 0.9984375238418579
train at step 114100: 0.9978125095367432
train at step 114200: 0.9978125095367432
train at step 114300: 0.9962453246116638
train at step 114400: 0.9959375262260437
train at step 114500: 0.995312511920929
train at step 114600: 0.996874988079071
train at step 114700: 0.9975000023841858
train at step 114800: 0.995312511920929
train at step 114900: 0.9962499737739563
train at step 115000: 0.9987484216690063
dev at step 115000: 0.9012187123298645
test at step 115000: 0.9854996204376221
train at step 115100: 0.9962499737739563
train at step 115200: 0.9959375262260437
train at step 115300: 0.9965624809265137
train at step 115400: 0.9981250166893005
train at step 115500: 0.9971874952316284
train at step 115600: 0.9946874976158142
train at step 115700: 0.9974968433380127
train at step 115800: 0.9987499713897705
train at step 115900: 0.996874988079071
train at step 116000: 0.995312511920929
train at step 116100: 0.9971874952316284
train at step 116200: 0.9959375262260437
train at step 116300: 0.9971874952316284
train at step 116400: 0.9975000023841858
train at step 116500: 0.9968711137771606
train at step 116600: 0.9975000023841858
train at step 116700: 0.996874988079071
train at step 116800: 0.9959375262260437
train at step 116900: 0.9981250166893005
train at step 117000: 0.9962499737739563
train at step 117100: 0.995312511920929
train at step 117200: 0.9968711137771606
train at step 117300: 0.9984375238418579
train at step 117400: 0.996874988079071
train at step 117500: 0.9962499737739563
train at step 117600: 0.9975000023841858
train at step 117700: 0.9965624809265137
train at step 117800: 0.9978125095367432
train at step 117900: 0.9962453246116638
train at step 118000: 0.996874988079071
train at step 118100: 0.9978125095367432
train at step 118200: 0.9965624809265137
train at step 118300: 0.9959375262260437
train at step 118400: 0.9978125095367432
train at step 118500: 0.9987499713897705
train at step 118600: 0.995619535446167
train at step 118700: 0.9981250166893005
train at step 118800: 0.9962499737739563
train at step 118900: 0.9971874952316284
train at step 119000: 0.9981250166893005
train at step 119100: 0.996874988079071
train at step 119200: 0.9950000047683716
train at step 119300: 0.9978097677230835
train at step 119400: 0.9984375238418579
train at step 119500: 0.9981250166893005
train at step 119600: 0.9956250190734863
train at step 119700: 0.9971874952316284
train at step 119800: 0.9975000023841858
train at step 119900: 0.9965624809265137
train at step 120000: 0.995312511920929
dev at step 120000: 0.9021809101104736
test at step 120000: 0.9883996844291687
train at step 120100: 0.9974968433380127
train at step 120200: 0.9987499713897705
train at step 120300: 0.9978125095367432
train at step 120400: 0.9956250190734863
train at step 120500: 0.9962499737739563
train at step 120600: 0.9984375238418579
train at step 120700: 0.9984375238418579
train at step 120800: 0.995619535446167
train at step 120900: 0.9975000023841858
train at step 121000: 0.9978125095367432
train at step 121100: 0.9975000023841858
train at step 121200: 0.9937499761581421
train at step 121300: 0.996874988079071
train at step 121400: 0.9978125095367432
train at step 121500: 0.9962453246116638
train at step 121600: 0.9965624809265137
train at step 121700: 0.9971874952316284
train at step 121800: 0.9971874952316284
train at step 121900: 0.9962499737739563
train at step 122000: 0.9981250166893005
train at step 122100: 0.9984375238418579
train at step 122200: 0.9984355568885803
train at step 122300: 0.996874988079071
train at step 122400: 0.9975000023841858
train at step 122500: 0.9956250190734863
train at step 122600: 0.9959375262260437
train at step 122700: 0.9959375262260437
train at step 122800: 0.9962499737739563
train at step 122900: 0.9971874952316284
train at step 123000: 0.9965581893920898
train at step 123100: 0.9978125095367432
train at step 123200: 0.9971874952316284
train at step 123300: 0.9959375262260437
train at step 123400: 0.996874988079071
train at step 123500: 0.9959375262260437
train at step 123600: 0.9971874952316284
train at step 123700: 0.9974968433380127
train at step 123800: 0.9971874952316284
train at step 123900: 0.9978125095367432
train at step 124000: 0.9996874928474426
train at step 124100: 0.9965624809265137
train at step 124200: 0.9962499737739563
train at step 124300: 0.996874988079071
train at step 124400: 0.9993742108345032
train at step 124500: 0.996874988079071
train at step 124600: 0.9990624785423279
train at step 124700: 0.9987499713897705
train at step 124800: 0.9981250166893005
train at step 124900: 0.996874988079071
train at step 125000: 0.996874988079071
dev at step 125000: 0.898652970790863
test at step 125000: 0.9868178367614746
train at step 125100: 0.9990613460540771
train at step 125200: 0.9984375238418579
train at step 125300: 0.9978125095367432
train at step 125400: 0.9956250190734863
train at step 125500: 0.9975000023841858
train at step 125600: 0.9975000023841858
train at step 125700: 0.9981250166893005
train at step 125800: 0.9962499737739563
train at step 125900: 0.9971839785575867
train at step 126000: 0.9959375262260437
train at step 126100: 0.9984375238418579
train at step 126200: 0.9975000023841858
train at step 126300: 0.9971874952316284
train at step 126400: 0.9975000023841858
train at step 126500: 0.996874988079071
train at step 126600: 0.9968711137771606
train at step 126700: 0.9987499713897705
train at step 126800: 0.9978125095367432
train at step 126900: 0.995312511920929
train at step 127000: 0.9975000023841858
train at step 127100: 0.9978125095367432
train at step 127200: 0.9971874952316284
train at step 127300: 0.9984355568885803
train at step 127400: 0.9984375238418579
train at step 127500: 0.9962499737739563
train at step 127600: 0.9971874952316284
train at step 127700: 0.9975000023841858
train at step 127800: 0.9987499713897705
train at step 127900: 0.9975000023841858
train at step 128000: 0.9981226325035095
train at step 128100: 0.9990624785423279
train at step 128200: 0.9971874952316284
train at step 128300: 0.9978125095367432
train at step 128400: 0.9993749856948853
train at step 128500: 0.9978125095367432
train at step 128600: 0.9959375262260437
train at step 128700: 0.9993742108345032
train at step 128800: 0.996874988079071
train at step 128900: 0.9962499737739563
train at step 129000: 0.9971874952316284
train at step 129100: 0.996874988079071
train at step 129200: 0.9975000023841858
train at step 129300: 0.9975000023841858
train at step 129400: 0.9959375262260437
train at step 129500: 0.9971839785575867
train at step 129600: 0.9971874952316284
train at step 129700: 0.9975000023841858
train at step 129800: 0.9981250166893005
train at step 129900: 0.9971874952316284
train at step 130000: 0.9959375262260437
dev at step 130000: 0.9021809101104736
test at step 130000: 0.9889269471168518
train at step 130100: 0.9978125095367432
train at step 130200: 0.9981226325035095
train at step 130300: 0.9978125095367432
train at step 130400: 0.9971874952316284
train at step 130500: 0.9971874952316284
train at step 130600: 0.9984375238418579
train at step 130700: 0.9987499713897705
train at step 130800: 0.9978125095367432
train at step 130900: 0.9968711137771606
train at step 131000: 0.9978125095367432
train at step 131100: 0.9984375238418579
train at step 131200: 0.9984375238418579
train at step 131300: 0.9965624809265137
train at step 131400: 0.9987499713897705
train at step 131500: 0.9959375262260437
train at step 131600: 0.9965581893920898
train at step 131700: 0.9981250166893005
train at step 131800: 0.9965624809265137
train at step 131900: 0.9978125095367432
train at step 132000: 0.9984375238418579
train at step 132100: 0.9981250166893005
train at step 132200: 0.9984375238418579
train at step 132300: 0.996874988079071
train at step 132400: 0.9978097677230835
train at step 132500: 0.9975000023841858
train at step 132600: 0.9984375238418579
train at step 132700: 0.9981250166893005
train at step 132800: 0.9978125095367432
train at step 132900: 0.9987499713897705
train at step 133000: 0.9981250166893005
train at step 133100: 0.9978097677230835
train at step 133200: 0.9990624785423279
train at step 133300: 0.9975000023841858
train at step 133400: 0.996874988079071
train at step 133500: 0.996874988079071
train at step 133600: 0.995312511920929
train at step 133700: 0.9981250166893005
train at step 133800: 0.9978097677230835
train at step 133900: 0.9962499737739563
train at step 134000: 0.9987499713897705
train at step 134100: 0.9984375238418579
train at step 134200: 0.9965624809265137
train at step 134300: 0.9971874952316284
train at step 134400: 0.9956250190734863
train at step 134500: 0.9990613460540771
train at step 134600: 0.9978125095367432
train at step 134700: 0.9981250166893005
train at step 134800: 0.9981250166893005
train at step 134900: 0.9993749856948853
train at step 135000: 0.9987499713897705
dev at step 135000: 0.9005773067474365
test at step 135000: 0.9876087307929993
train at step 135100: 0.9965624809265137
train at step 135200: 0.9971874952316284
train at step 135300: 0.9990613460540771
train at step 135400: 0.9987499713897705
train at step 135500: 0.9965624809265137
train at step 135600: 0.9984375238418579
train at step 135700: 0.9975000023841858
train at step 135800: 0.9984375238418579
train at step 135900: 0.9971874952316284
train at step 136000: 0.9987484216690063
train at step 136100: 0.9971874952316284
train at step 136200: 0.9984375238418579
train at step 136300: 0.9965624809265137
train at step 136400: 0.996874988079071
train at step 136500: 0.9971874952316284
train at step 136600: 0.9962499737739563
train at step 136700: 0.9968711137771606
train at step 136800: 0.9981250166893005
train at step 136900: 0.9965624809265137
train at step 137000: 0.9981250166893005
train at step 137100: 0.9987499713897705
train at step 137200: 0.9990624785423279
train at step 137300: 0.9984375238418579
train at step 137400: 0.9968711137771606
train at step 137500: 0.9981250166893005
train at step 137600: 0.9984375238418579
train at step 137700: 0.9962499737739563
train at step 137800: 0.9978125095367432
train at step 137900: 0.9990624785423279
train at step 138000: 0.9965624809265137
train at step 138100: 0.9965581893920898
train at step 138200: 0.9984375238418579
train at step 138300: 0.9971874952316284
train at step 138400: 0.9981250166893005
train at step 138500: 1.0
train at step 138600: 0.9981250166893005
train at step 138700: 0.996874988079071
train at step 138800: 0.9984375238418579
train at step 138900: 0.9981226325035095
train at step 139000: 0.9981250166893005
train at step 139100: 0.9981250166893005
train at step 139200: 0.9975000023841858
train at step 139300: 0.9987499713897705
train at step 139400: 0.9987499713897705
train at step 139500: 0.9987499713897705
train at step 139600: 0.9974968433380127
train at step 139700: 0.9987499713897705
train at step 139800: 0.9981250166893005
train at step 139900: 0.9984375238418579
train at step 140000: 0.9987499713897705
dev at step 140000: 0.9085952639579773
New best on dev at step 140000: 0.9085952639579773
test at step 140000: 0.9894542694091797
train at step 140100: 0.9971874952316284
train at step 140200: 0.996874988079071
train at step 140300: 0.9984355568885803
train at step 140400: 0.9981250166893005
train at step 140500: 0.996874988079071
train at step 140600: 0.9962499737739563
train at step 140700: 0.9971874952316284
train at step 140800: 0.9987499713897705
train at step 140900: 0.9975000023841858
train at step 141000: 0.9981226325035095
train at step 141100: 0.9990624785423279
train at step 141200: 0.9981250166893005
train at step 141300: 0.9978125095367432
train at step 141400: 0.9981250166893005
train at step 141500: 0.9981250166893005
train at step 141600: 0.9984375238418579
train at step 141700: 0.9993749856948853
train at step 141800: 0.9987484216690063
train at step 141900: 0.9981250166893005
train at step 142000: 0.9978125095367432
train at step 142100: 0.9987499713897705
train at step 142200: 0.9978125095367432
train at step 142300: 0.996874988079071
train at step 142400: 0.9981250166893005
train at step 142500: 0.9978097677230835
train at step 142600: 0.9981250166893005
train at step 142700: 0.9987499713897705
train at step 142800: 0.9965624809265137
train at step 142900: 0.9990624785423279
train at step 143000: 0.9984375238418579
train at step 143100: 0.9965624809265137
train at step 143200: 0.9981226325035095
train at step 143300: 0.9993749856948853
train at step 143400: 0.9984375238418579
train at step 143500: 0.9956250190734863
train at step 143600: 0.9990624785423279
train at step 143700: 0.9962499737739563
train at step 143800: 0.9993749856948853
train at step 143900: 0.9981226325035095
train at step 144000: 0.9993749856948853
train at step 144100: 0.9981250166893005
train at step 144200: 0.9984375238418579
train at step 144300: 0.9990624785423279
train at step 144400: 0.9987499713897705
train at step 144500: 0.9959375262260437
train at step 144600: 0.9981226325035095
train at step 144700: 0.9984375238418579
train at step 144800: 0.9984375238418579
train at step 144900: 0.9987499713897705
train at step 145000: 0.9981250166893005
dev at step 145000: 0.9034637808799744
test at step 145000: 0.9883996844291687
train at step 145100: 0.9984375238418579
train at step 145200: 0.9981250166893005
train at step 145300: 0.996874988079071
train at step 145400: 0.9981226325035095
train at step 145500: 0.9984375238418579
train at step 145600: 0.9962499737739563
train at step 145700: 0.9959375262260437
train at step 145800: 0.9978125095367432
train at step 145900: 0.9981250166893005
train at step 146000: 0.9971874952316284
train at step 146100: 0.9978097677230835
train at step 146200: 0.9990624785423279
train at step 146300: 0.9984375238418579
train at step 146400: 0.9981250166893005
train at step 146500: 0.9978125095367432
train at step 146600: 0.9971874952316284
train at step 146700: 0.9984375238418579
train at step 146800: 0.9971839785575867
train at step 146900: 0.9978125095367432
train at step 147000: 0.9984375238418579
train at step 147100: 0.9990624785423279
train at step 147200: 0.9956250190734863
train at step 147300: 0.9971874952316284
train at step 147400: 0.9990624785423279
train at step 147500: 0.9974968433380127
train at step 147600: 0.9971874952316284
train at step 147700: 0.9978125095367432
train at step 147800: 0.9978125095367432
train at step 147900: 0.9993749856948853
train at step 148000: 0.9975000023841858
train at step 148100: 0.9971874952316284
train at step 148200: 0.9987499713897705
train at step 148300: 0.9965581893920898
train at step 148400: 0.9984375238418579
train at step 148500: 0.9984375238418579
train at step 148600: 0.9993749856948853
train at step 148700: 0.9987499713897705
train at step 148800: 0.9975000023841858
train at step 148900: 0.9981250166893005
train at step 149000: 0.9978097677230835
train at step 149100: 0.9975000023841858
train at step 149200: 0.9978125095367432
train at step 149300: 0.9975000023841858
train at step 149400: 0.9971874952316284
train at step 149500: 0.9975000023841858
train at step 149600: 0.9975000023841858
train at step 149700: 0.9962453246116638
train at step 149800: 0.9993749856948853
train at step 149900: 0.9978125095367432
train at step 150000: 0.9978125095367432
dev at step 150000: 0.9085952639579773
test at step 150000: 0.9886633157730103
train at step 150100: 0.9993749856948853
train at step 150200: 0.9987499713897705
train at step 150300: 0.996874988079071
train at step 150400: 0.9965581893920898
train at step 150500: 0.9990624785423279
train at step 150600: 0.9993749856948853
train at step 150700: 0.9987499713897705
train at step 150800: 0.9990624785423279
train at step 150900: 0.9990624785423279
train at step 151000: 0.9984375238418579
train at step 151100: 0.9993749856948853
train at step 151200: 0.9987484216690063
train at step 151300: 0.9990624785423279
train at step 151400: 0.9975000023841858
train at step 151500: 0.9978125095367432
train at step 151600: 0.996874988079071
train at step 151700: 0.9962499737739563
train at step 151800: 0.996874988079071
train at step 151900: 0.9978097677230835
train at step 152000: 0.9990624785423279
train at step 152100: 0.9978125095367432
train at step 152200: 0.9975000023841858
train at step 152300: 0.9962499737739563
train at step 152400: 0.9990624785423279
train at step 152500: 0.9981250166893005
train at step 152600: 0.9981226325035095
train at step 152700: 0.996874988079071
train at step 152800: 0.9978125095367432
train at step 152900: 0.9971874952316284
train at step 153000: 0.9990624785423279
train at step 153100: 0.9996874928474426
train at step 153200: 0.9990624785423279
train at step 153300: 0.9981226325035095
train at step 153400: 0.9990624785423279
train at step 153500: 0.9978125095367432
train at step 153600: 0.9981250166893005
train at step 153700: 0.9971874952316284
train at step 153800: 0.9962499737739563
train at step 153900: 0.9978125095367432
train at step 154000: 0.9981226325035095
train at step 154100: 0.9978125095367432
train at step 154200: 0.9990624785423279
train at step 154300: 0.9993749856948853
train at step 154400: 0.9975000023841858
train at step 154500: 0.9978125095367432
train at step 154600: 0.9978125095367432
train at step 154700: 0.9987499713897705
train at step 154800: 0.9978097677230835
train at step 154900: 0.9984375238418579
train at step 155000: 0.9990624785423279
dev at step 155000: 0.9101988673210144
New best on dev at step 155000: 0.9101988673210144
test at step 155000: 0.9891906380653381
train at step 155100: 0.9993749856948853
train at step 155200: 0.9987499713897705
train at step 155300: 0.9984375238418579
train at step 155400: 0.9987499713897705
train at step 155500: 0.9981226325035095
train at step 155600: 0.9990624785423279
train at step 155700: 0.9984375238418579
train at step 155800: 0.9984375238418579
train at step 155900: 0.9990624785423279
train at step 156000: 0.9990624785423279
train at step 156100: 0.9978125095367432
train at step 156200: 0.9981226325035095
train at step 156300: 0.9990624785423279
train at step 156400: 0.9987499713897705
train at step 156500: 0.9978125095367432
train at step 156600: 0.9984375238418579
train at step 156700: 0.9978125095367432
train at step 156800: 0.9975000023841858
train at step 156900: 0.9978097677230835
train at step 157000: 0.9987499713897705
train at step 157100: 0.9984375238418579
train at step 157200: 0.9978125095367432
train at step 157300: 0.9987499713897705
train at step 157400: 0.996874988079071
train at step 157500: 0.9978125095367432
train at step 157600: 0.9984375238418579
train at step 157700: 0.9990613460540771
train at step 157800: 0.9975000023841858
train at step 157900: 0.9975000023841858
train at step 158000: 0.9978125095367432
train at step 158100: 0.9993749856948853
train at step 158200: 0.9984375238418579
train at step 158300: 0.996874988079071
train at step 158400: 0.9987484216690063
train at step 158500: 0.9987499713897705
train at step 158600: 0.9996874928474426
train at step 158700: 0.9981250166893005
train at step 158800: 0.9978125095367432
train at step 158900: 0.9987499713897705
train at step 159000: 0.9987499713897705
train at step 159100: 0.9990613460540771
train at step 159200: 0.9975000023841858
train at step 159300: 0.9971874952316284
train at step 159400: 0.9993749856948853
train at step 159500: 0.9975000023841858
train at step 159600: 0.996874988079071
train at step 159700: 0.9965624809265137
train at step 159800: 0.9984355568885803
train at step 159900: 0.9978125095367432
train at step 160000: 0.9978125095367432
dev at step 160000: 0.9092366695404053
test at step 160000: 0.9897179007530212
train at step 160100: 0.9993749856948853
train at step 160200: 0.9996874928474426
train at step 160300: 0.9981250166893005
train at step 160400: 0.9971874952316284
train at step 160500: 0.9981250166893005
train at step 160600: 1.0
train at step 160700: 0.9971874952316284
train at step 160800: 0.9984375238418579
train at step 160900: 0.996874988079071
train at step 161000: 0.9978125095367432
train at step 161100: 0.9987499713897705
train at step 161200: 0.9975000023841858
train at step 161300: 0.9981226325035095
train at step 161400: 0.9990624785423279
train at step 161500: 0.9984375238418579
train at step 161600: 0.9984375238418579
train at step 161700: 0.9971874952316284
train at step 161800: 0.9978125095367432
train at step 161900: 0.9993749856948853
train at step 162000: 0.9993742108345032
train at step 162100: 0.9984375238418579
train at step 162200: 0.996874988079071
train at step 162300: 0.9971874952316284
train at step 162400: 0.9984375238418579
train at step 162500: 0.9990624785423279
train at step 162600: 0.9990624785423279
train at step 162700: 0.9987484216690063
train at step 162800: 0.9984375238418579
train at step 162900: 0.9996874928474426
train at step 163000: 0.9990624785423279
train at step 163100: 0.9987499713897705
train at step 163200: 0.9990624785423279
train at step 163300: 0.9990624785423279
train at step 163400: 0.9978097677230835
train at step 163500: 0.9981250166893005
train at step 163600: 0.9993749856948853
train at step 163700: 0.9993749856948853
train at step 163800: 0.9990624785423279
train at step 163900: 0.9990624785423279
train at step 164000: 0.9987499713897705
train at step 164100: 0.9993749856948853
train at step 164200: 0.9993742108345032
train at step 164300: 0.996874988079071
train at step 164400: 0.9993749856948853
train at step 164500: 0.9984375238418579
train at step 164600: 0.9981250166893005
train at step 164700: 0.9987499713897705
train at step 164800: 0.9981250166893005
train at step 164900: 0.9978097677230835
train at step 165000: 0.9987499713897705
dev at step 165000: 0.9018601775169373
test at step 165000: 0.9878724217414856
train at step 165100: 0.9996874928474426
train at step 165200: 0.9981250166893005
train at step 165300: 0.9984375238418579
train at step 165400: 0.9996874928474426
train at step 165500: 0.9984375238418579
train at step 165600: 0.9987484216690063
train at step 165700: 0.9993749856948853
train at step 165800: 0.9984375238418579
train at step 165900: 0.9984375238418579
train at step 166000: 0.9984375238418579
train at step 166100: 0.9987499713897705
train at step 166200: 0.9993749856948853
train at step 166300: 0.9984355568885803
train at step 166400: 0.9990624785423279
train at step 166500: 0.9990624785423279
train at step 166600: 0.9984375238418579
train at step 166700: 0.9981250166893005
train at step 166800: 0.9981250166893005
train at step 166900: 0.9981250166893005
train at step 167000: 0.9984375238418579
train at step 167100: 0.9990613460540771
train at step 167200: 0.9993749856948853
train at step 167300: 0.9987499713897705
train at step 167400: 0.9981250166893005
train at step 167500: 0.9971874952316284
train at step 167600: 0.9984375238418579
train at step 167700: 0.9984375238418579
train at step 167800: 0.9974968433380127
train at step 167900: 0.9962499737739563
train at step 168000: 0.9993749856948853
train at step 168100: 0.9990624785423279
train at step 168200: 0.9984375238418579
train at step 168300: 0.9990624785423279
train at step 168400: 0.9984375238418579
train at step 168500: 0.9984355568885803
train at step 168600: 0.9975000023841858
train at step 168700: 0.9993749856948853
train at step 168800: 0.9984375238418579
train at step 168900: 0.9981250166893005
train at step 169000: 0.9981250166893005
train at step 169100: 0.9996874928474426
train at step 169200: 0.9984355568885803
train at step 169300: 0.9993749856948853
train at step 169400: 0.9984375238418579
train at step 169500: 0.9996874928474426
train at step 169600: 0.9975000023841858
train at step 169700: 0.9975000023841858
train at step 169800: 0.9971874952316284
train at step 169900: 1.0
train at step 170000: 0.9990613460540771
dev at step 170000: 0.9002565741539001
test at step 170000: 0.9881360530853271
train at step 170100: 0.9981250166893005
train at step 170200: 0.9984375238418579
train at step 170300: 0.9971874952316284
train at step 170400: 0.9987499713897705
train at step 170500: 0.9978125095367432
train at step 170600: 0.9981250166893005
train at step 170700: 0.9990613460540771
train at step 170800: 0.9981250166893005
train at step 170900: 0.9971874952316284
train at step 171000: 0.9993749856948853
train at step 171100: 0.9993749856948853
train at step 171200: 0.9984375238418579
train at step 171300: 0.9990624785423279
train at step 171400: 0.9987484216690063
train at step 171500: 0.9993749856948853
train at step 171600: 0.9984375238418579
train at step 171700: 0.9984375238418579
train at step 171800: 0.9990624785423279
train at step 171900: 0.9990624785423279
train at step 172000: 0.9990624785423279
train at step 172100: 0.9968711137771606
train at step 172200: 0.9993749856948853
train at step 172300: 0.9990624785423279
train at step 172400: 0.9981250166893005
train at step 172500: 0.9971874952316284
train at step 172600: 0.9981250166893005
train at step 172700: 0.9981250166893005
train at step 172800: 0.9990613460540771
train at step 172900: 0.9987499713897705
train at step 173000: 0.9981250166893005
train at step 173100: 0.9987499713897705
train at step 173200: 0.9993749856948853
train at step 173300: 0.9981250166893005
train at step 173400: 0.9993749856948853
train at step 173500: 0.9987499713897705
train at step 173600: 0.9987484216690063
train at step 173700: 0.9975000023841858
train at step 173800: 0.9993749856948853
train at step 173900: 0.9971874952316284
train at step 174000: 0.9981250166893005
train at step 174100: 0.9978125095367432
train at step 174200: 0.9996874928474426
train at step 174300: 0.9987484216690063
train at step 174400: 0.9987499713897705
train at step 174500: 0.9984375238418579
train at step 174600: 0.9984375238418579
train at step 174700: 0.9984375238418579
train at step 174800: 0.9978125095367432
train at step 174900: 0.9978125095367432
train at step 175000: 0.9981226325035095
dev at step 175000: 0.9063501954078674
test at step 175000: 0.9891906380653381
train at step 175100: 0.9981250166893005
train at step 175200: 0.9990624785423279
train at step 175300: 0.9990624785423279
train at step 175400: 0.9990624785423279
train at step 175500: 0.9990624785423279
train at step 175600: 0.9987499713897705
train at step 175700: 0.9981226325035095
train at step 175800: 0.9993749856948853
train at step 175900: 0.9990624785423279
train at step 176000: 0.9978125095367432
train at step 176100: 0.9990624785423279
train at step 176200: 0.9984375238418579
train at step 176300: 0.9984375238418579
train at step 176400: 0.9981250166893005
train at step 176500: 0.9987484216690063
train at step 176600: 0.9990624785423279
train at step 176700: 0.9993749856948853
train at step 176800: 0.9987499713897705
train at step 176900: 0.9990624785423279
train at step 177000: 0.996874988079071
train at step 177100: 0.9981250166893005
train at step 177200: 0.9978097677230835
train at step 177300: 0.9971874952316284
train at step 177400: 0.9996874928474426
train at step 177500: 0.9978125095367432
train at step 177600: 0.9978125095367432
train at step 177700: 0.9993749856948853
train at step 177800: 0.9993749856948853
train at step 177900: 0.9993742108345032
train at step 178000: 0.9990624785423279
train at step 178100: 0.9987499713897705
train at step 178200: 0.9987499713897705
train at step 178300: 0.9987499713897705
train at step 178400: 0.9993749856948853
train at step 178500: 0.9990624785423279
train at step 178600: 0.999687135219574
train at step 178700: 0.9987499713897705
train at step 178800: 1.0
train at step 178900: 0.9990624785423279
train at step 179000: 0.9981250166893005
train at step 179100: 0.9984375238418579
train at step 179200: 0.9975000023841858
train at step 179300: 0.9990624785423279
train at step 179400: 0.9993742108345032
train at step 179500: 0.9984375238418579
train at step 179600: 0.9987499713897705
train at step 179700: 0.9984375238418579
train at step 179800: 0.9978125095367432
train at step 179900: 0.9971874952316284
train at step 180000: 0.9996874928474426
dev at step 180000: 0.9044259190559387
test at step 180000: 0.9881360530853271
train at step 180100: 0.9993742108345032
train at step 180200: 0.9990624785423279
train at step 180300: 0.9975000023841858
train at step 180400: 0.9984375238418579
train at step 180500: 0.9984375238418579
train at step 180600: 0.9984375238418579
train at step 180700: 0.9996874928474426
train at step 180800: 0.9993742108345032
train at step 180900: 0.9990624785423279
train at step 181000: 1.0
train at step 181100: 0.9978125095367432
train at step 181200: 0.9990624785423279
train at step 181300: 0.9990624785423279
train at step 181400: 0.9984375238418579
train at step 181500: 0.9978097677230835
train at step 181600: 0.9990624785423279
train at step 181700: 0.9993749856948853
train at step 181800: 0.9996874928474426
train at step 181900: 0.9975000023841858
train at step 182000: 0.9984375238418579
train at step 182100: 0.9959375262260437
train at step 182200: 0.9984355568885803
train at step 182300: 0.9990624785423279
train at step 182400: 0.9990624785423279
train at step 182500: 0.9984375238418579
train at step 182600: 0.9987499713897705
train at step 182700: 0.9978125095367432
train at step 182800: 0.996874988079071
train at step 182900: 0.9990624785423279
train at step 183000: 0.999687135219574
train at step 183100: 0.9981250166893005
train at step 183200: 0.9984375238418579
train at step 183300: 0.9987499713897705
train at step 183400: 0.9987499713897705
train at step 183500: 0.9996874928474426
train at step 183600: 0.9996874928474426
train at step 183700: 0.9984355568885803
train at step 183800: 0.9993749856948853
train at step 183900: 0.9993749856948853
train at step 184000: 0.996874988079071
train at step 184100: 0.9984375238418579
train at step 184200: 0.9990624785423279
train at step 184300: 0.9981250166893005
train at step 184400: 0.9981226325035095
train at step 184500: 0.9987499713897705
train at step 184600: 0.9975000023841858
train at step 184700: 0.9990624785423279
train at step 184800: 0.9993749856948853
train at step 184900: 0.9971874952316284
train at step 185000: 0.9981250166893005
dev at step 185000: 0.9101988673210144
test at step 185000: 0.9899815320968628
train at step 185100: 0.9978097677230835
train at step 185200: 0.9993749856948853
train at step 185300: 0.9990624785423279
train at step 185400: 0.9981250166893005
train at step 185500: 0.9987499713897705
train at step 185600: 0.9978125095367432
train at step 185700: 0.9990624785423279
train at step 185800: 0.9993749856948853
train at step 185900: 0.9987484216690063
train at step 186000: 0.9984375238418579
train at step 186100: 0.9990624785423279
train at step 186200: 0.9978125095367432
train at step 186300: 0.9987499713897705
train at step 186400: 0.9990624785423279
train at step 186500: 0.9971874952316284
train at step 186600: 0.9990613460540771
train at step 186700: 0.9984375238418579
train at step 186800: 0.9993749856948853
train at step 186900: 0.9987499713897705
train at step 187000: 0.9984375238418579
train at step 187100: 0.9987499713897705
train at step 187200: 0.9981250166893005
train at step 187300: 0.9990613460540771
train at step 187400: 0.9984375238418579
train at step 187500: 0.9981250166893005
train at step 187600: 0.9990624785423279
train at step 187700: 0.9984375238418579
train at step 187800: 0.9990624785423279
train at step 187900: 0.9987499713897705
train at step 188000: 0.9987484216690063
train at step 188100: 0.9990624785423279
train at step 188200: 0.9981250166893005
train at step 188300: 0.9993749856948853
train at step 188400: 0.9993749856948853
train at step 188500: 0.9996874928474426
train at step 188600: 0.9990624785423279
train at step 188700: 0.9984375238418579
train at step 188800: 0.999687135219574
train at step 188900: 0.9984375238418579
train at step 189000: 1.0
train at step 189100: 0.9965624809265137
train at step 189200: 0.9981250166893005
train at step 189300: 0.9990624785423279
train at step 189400: 0.9993749856948853
train at step 189500: 0.9984355568885803
train at step 189600: 0.9984375238418579
train at step 189700: 0.9984375238418579
train at step 189800: 0.9987499713897705
train at step 189900: 0.9987499713897705
train at step 190000: 0.9990624785423279
dev at step 190000: 0.9063501954078674
test at step 190000: 0.9910361170768738
train at step 190100: 1.0
train at step 190200: 0.9993742108345032
train at step 190300: 0.9993749856948853
train at step 190400: 0.9990624785423279
train at step 190500: 0.9984375238418579
train at step 190600: 0.9984375238418579
train at step 190700: 0.9996874928474426
train at step 190800: 1.0
train at step 190900: 0.9984355568885803
train at step 191000: 0.9993749856948853
train at step 191100: 0.9990624785423279
train at step 191200: 0.9987499713897705
train at step 191300: 0.9987499713897705
train at step 191400: 0.9990624785423279
train at step 191500: 0.9993749856948853
train at step 191600: 0.9978097677230835
train at step 191700: 0.9984375238418579
train at step 191800: 0.9981250166893005
train at step 191900: 1.0
train at step 192000: 0.9993749856948853
train at step 192100: 0.9978125095367432
train at step 192200: 0.9993749856948853
train at step 192300: 0.9993749856948853
train at step 192400: 0.9990613460540771
train at step 192500: 0.9996874928474426
train at step 192600: 0.9984375238418579
train at step 192700: 0.9975000023841858
train at step 192800: 0.9993749856948853
train at step 192900: 0.9987499713897705
train at step 193000: 0.9990624785423279
train at step 193100: 0.9987484216690063
train at step 193200: 0.9996874928474426
train at step 193300: 0.9981250166893005
train at step 193400: 0.9990624785423279
train at step 193500: 0.9993749856948853
train at step 193600: 0.9984375238418579
train at step 193700: 0.9996874928474426
train at step 193800: 1.0
train at step 193900: 0.9981250166893005
train at step 194000: 0.9981250166893005
train at step 194100: 0.9984375238418579
train at step 194200: 0.9990624785423279
train at step 194300: 0.9981250166893005
train at step 194400: 0.9987499713897705
train at step 194500: 0.9993742108345032
train at step 194600: 0.9981250166893005
train at step 194700: 0.9987499713897705
train at step 194800: 0.9987499713897705
train at step 194900: 0.9996874928474426
train at step 195000: 0.9981250166893005
dev at step 195000: 0.9101988673210144
test at step 195000: 0.9876087307929993
train at step 195100: 0.9993749856948853
train at step 195200: 0.9978125095367432
train at step 195300: 0.9990613460540771
train at step 195400: 0.9981250166893005
train at step 195500: 0.9996874928474426
train at step 195600: 0.9987499713897705
train at step 195700: 0.9975000023841858
train at step 195800: 0.9993749856948853
train at step 195900: 0.9996874928474426
train at step 196000: 1.0
train at step 196100: 0.9984375238418579
train at step 196200: 0.9990624785423279
train at step 196300: 0.9996874928474426
train at step 196400: 0.9987499713897705
train at step 196500: 0.9996874928474426
train at step 196600: 0.9993749856948853
train at step 196700: 0.9987484216690063
train at step 196800: 0.9978125095367432
train at step 196900: 0.9996874928474426
train at step 197000: 0.9990624785423279
train at step 197100: 0.9984375238418579
train at step 197200: 0.9990624785423279
train at step 197300: 0.996874988079071
train at step 197400: 0.9993742108345032
train at step 197500: 0.9978125095367432
train at step 197600: 0.9984375238418579
train at step 197700: 0.9984375238418579
train at step 197800: 0.9981250166893005
train at step 197900: 0.9975000023841858
train at step 198000: 0.9987499713897705
train at step 198100: 0.9990624785423279
train at step 198200: 0.9993742108345032
train at step 198300: 1.0
train at step 198400: 0.9978125095367432
train at step 198500: 0.9971874952316284
train at step 198600: 0.9984375238418579
train at step 198700: 0.9996874928474426
train at step 198800: 0.9993749856948853
train at step 198900: 0.9978097677230835
train at step 199000: 0.9990624785423279
train at step 199100: 0.9978125095367432
train at step 199200: 0.9990624785423279
train at step 199300: 0.9990624785423279
train at step 199400: 0.9996874928474426
train at step 199500: 0.9987499713897705
train at step 199600: 1.0
train at step 199700: 0.9975000023841858
train at step 199800: 0.9996874928474426
train at step 199900: 0.9990624785423279
train at step 200000: 0.9984375238418579
dev at step 200000: 0.9015394449234009
test at step 200000: 0.9865542054176331
